<?xml version="1.0" encoding="UTF-8"?>
<!-- Generated by org.testng.reporters.JUnitXMLReporter -->
<testsuite ignored="0" hostname="LAPTOP-161TDLD5" failures="1" tests="2" name="loginErrorValidation" time="15.238" errors="0" timestamp="2024-08-08T14:54:47 IST">
  <testcase classname="com.bddframework.ErrorValidations" name="loginValidation" time="1.499">
    <skipped/>
  </testcase> <!-- loginValidation -->
  <testcase classname="com.bddframework.ErrorValidations" name="loginValidation" time="0.767">
    <failure type="java.lang.AssertionError" message="expected [Incorrect email or password.] but found [Incorrect email password.]">
      <![CDATA[java.lang.AssertionError: expected [Incorrect email or password.] but found [Incorrect email password.]
at com.bddframework.ErrorValidations.loginValidation(ErrorValidations.java:15)
at java.base/java.util.ArrayList.forEach(ArrayList.java:1597)
at java.base/java.util.concurrent.FutureTask.run(FutureTask.java:317)
at java.base/java.util.concurrent.ThreadPoolExecutor.runWorker(ThreadPoolExecutor.java:1144)
at java.base/java.util.concurrent.ThreadPoolExecutor$Worker.run(ThreadPoolExecutor.java:642)
at java.base/java.lang.Thread.run(Thread.java:1570)
... Removed 21 stack frames]]>
    </failure>
  </testcase> <!-- loginValidation -->
</testsuite> <!-- loginErrorValidation -->
