<?xml version="1.0" encoding="UTF-8"?>
<!-- Generated by org.testng.reporters.JUnitXMLReporter -->
<testsuite ignored="0" hostname="LAPTOP-161TDLD5" failures="0" tests="3" name="OrderCreationTest" time="27.365" errors="0" timestamp="2024-08-08T14:54:59 IST">
  <testcase classname="com.bddframework.Ecomtest" name="submitOrdertest" time="3.179"/>
  <testcase classname="com.bddframework.Ecomtest" name="submitOrdertest" time="6.333"/>
  <testcase classname="com.bddframework.Ecomtest" name="OrderHistoryTest" time="0.545"/>
</testsuite> <!-- OrderCreationTest -->
