<?xml version="1.0" encoding="UTF-8"?>
<!-- Generated by org.testng.reporters.JUnitXMLReporter -->
<testsuite ignored="0" hostname="LAPTOP-161TDLD5" failures="1" tests="2" name="loginErrorValidation" time="22.331" errors="0" timestamp="2024-08-22T15:25:33 IST">
  <testcase classname="com.bddframework.ErrorValidations" name="loginValidation" time="0.672">
    <skipped/>
  </testcase> <!-- loginValidation -->
  <testcase classname="com.bddframework.ErrorValidations" name="loginValidation" time="2.025">
    <failure type="java.lang.AssertionError" message="expected [Incorrect email or password.] but found [Incorrect email password.]">
      <![CDATA[java.lang.AssertionError: expected [Incorrect email or password.] but found [Incorrect email password.]
at com.bddframework.ErrorValidations.loginValidation(ErrorValidations.java:15)
at java.base/java.util.ArrayList.forEach(ArrayList.java:1511)
at java.base/java.util.concurrent.FutureTask.run(FutureTask.java:264)
at java.base/java.util.concurrent.ThreadPoolExecutor.runWorker(ThreadPoolExecutor.java:1136)
at java.base/java.util.concurrent.ThreadPoolExecutor$Worker.run(ThreadPoolExecutor.java:635)
at java.base/java.lang.Thread.run(Thread.java:842)
... Removed 23 stack frames]]>
    </failure>
  </testcase> <!-- loginValidation -->
</testsuite> <!-- loginErrorValidation -->
