<?xml version="1.0" encoding="UTF-8"?>
<!-- Generated by org.testng.reporters.JUnitXMLReporter -->
<testsuite ignored="0" hostname="LAPTOP-161TDLD5" failures="0" tests="3" name="OrderCreationTest" time="36.167" errors="0" timestamp="2024-08-22T15:25:46 IST">
  <testcase classname="com.bddframework.Ecomtest" name="submitOrdertest" time="5.805"/>
  <testcase classname="com.bddframework.Ecomtest" name="submitOrdertest" time="8.157"/>
  <testcase classname="com.bddframework.Ecomtest" name="OrderHistoryTest" time="1.1"/>
</testsuite> <!-- OrderCreationTest -->
